<?xml version="1.0" encoding="UTF-8"?>
<!-- Generated by org.testng.reporters.JUnitXMLReporter -->
<testsuite hostname="DESKTOP-62NCO35" ignored="0" name="Banking_App" tests="1" failures="1" timestamp="2021-03-10T15:44:46 PST" time="12.435" errors="0">
  <testcase name="login" time="0.002" classname="com.netbanking.TestCases.TC_Delete_Customer_004">
    <failure type="java.lang.NullPointerException">
      <![CDATA[java.lang.NullPointerException
at com.netbanking.TestCases.TC_Delete_Customer_004.login(TC_Delete_Customer_004.java:16)
at java.util.ArrayList.forEach(ArrayList.java:1257)
... Removed 31 stack frames]]>
    </failure>
  </testcase> <!-- login -->
</testsuite> <!-- Banking_App -->
